#
# A fatal error has been detected by the Java Runtime Environment:
#
#  SIGSEGV (0xb) at pc=0x00000001252c9c15, pid=50676, tid=40451
#
# JRE version: OpenJDK Runtime Environment (11.0.3+12) (build 11.0.3+12-b304.56)
# Java VM: OpenJDK 64-Bit Server VM (11.0.3+12-b304.56, mixed mode, tiered, compressed oops, g1 gc, bsd-amd64)
# Problematic frame:
# C  [libyjpagent.dylib+0xecc15]  _Z17wrapNativeMethodsP9ClassFile+0x125
#
# No core dump will be written. Core dumps have been disabled. To enable core dumping, try "ulimit -c unlimited" before starting Java again
#
# If you would like to submit a bug report, please visit:
#   http://bugreport.java.com/bugreport/crash.jsp
# The crash happened outside the Java Virtual Machine in native code.
# See problematic frame for where to report the bug.
#

---------------  S U M M A R Y ------------

Command Line: -agentlib:jdwp=transport=dt_socket,server=n,suspend=y,address=59672 -Dfile.encoding=UTF-8 -Duser.country=US -Duser.language=en -Duser.variant webEngineering.application.WebEngineeringApplication

Host: iMac13,2 x86_64 2900 MHz, 4 cores, 8G, Darwin 18.6.0
Time: Fri Oct 25 19:49:09 2019 CEST elapsed time: 29 seconds (0d 0h 0m 29s)

---------------  T H R E A D  ---------------

Current thread (0x00007fd36d85e000):  JavaThread "Attach Listener" daemon [_thread_in_native, id=40451, stack(0x0000700004de6000,0x0000700004ee6000)]

Stack: [0x0000700004de6000,0x0000700004ee6000],  sp=0x0000700004ee3ce0,  free space=1015k
Native frames: (J=compiled Java code, A=aot compiled Java code, j=interpreted, Vv=VM code, C=native code)
C  [libyjpagent.dylib+0xecc15]  _Z17wrapNativeMethodsP9ClassFile+0x125
C  [libyjpagent.dylib+0x6ae11]