#
# A fatal error has been detected by the Java Runtime Environment:
#
#  SIGSEGV (0xb) at pc=0x000000012846cc15, pid=7462, tid=25347
#
# JRE version: OpenJDK Runtime Environment (11.0.3+12) (build 11.0.3+12-b304.56)
# Java VM: OpenJDK 64-Bit Server VM (11.0.3+12-b304.56, mixed mode, tiered, compressed oops, g1 gc, bsd-amd64)
# Problematic frame:
# C  [libyjpagent.dylib+0xecc15]  _Z17wrapNativeMethodsP9ClassFile+0x125
#
# No core dump will be written. Core dumps have been disabled. To enable core dumping, try "ulimit -c unlimited" before starting Java again
#
# If you would like to submit a bug report, please visit:
#   http://bugreport.java.com/bugreport/crash.jsp
# The crash happened outside the Java Virtual Machine in native code.
# See problematic frame for where to report the bug.
#

---------------  S U M M A R Y ------------

Command Line: -agentlib:jdwp=transport=dt_socket,server=n,suspend=y,address=63470 -Dfile.encoding=UTF-8 -Duser.country=US -Duser.language=en -Duser.variant webEngineering.application.WebEngineeringApplication

Host: iMac13,2 x86_64 2900 MHz, 4 cores, 8G, Darwin 18.6.0
Time: Thu Oct 24 18:33:26 2019 CEST elapsed time: 51 seconds (0d 0h 0m 51s)

---------------  T H R E A D  ---------------

Current thread (0x00007fe2388ad000):  JavaThread "Attach Listener" daemon [_thread_in_native, id=25347, stack(0x0000700002bda000,0x0000700002cda000)]

Stack: [0x0000700002bda000,0x0000700002cda000],  sp=0x0000700002cd7ce0,  free space=1015k
Native frames: (J=compiled Java code, A=aot compiled Java code, j=interpreted, Vv=VM code, C=native code)
C  [libyjpagent.dylib+0xecc15]  _Z17wrapNativeMethodsP9ClassFile+0x125
C  [libyjpagent.dylib+0x6ae11]  _Z28classFileLoadHookHandlerImplRK11YStringImplIcEiPKhPiPPhbb+0xf01
C  [libyjpagent.dylib+0x6e1c0]  _Z28class_file_load_hook_handlerP9_jvmtiEnvP7JNIEnv_P7_jclassP8_jobjectPKcS6_iPKhPiPPh+0x530
V  [libjvm.dylib+0x4be48a]  _ZN28JvmtiClassFileLoadHookPoster11post_to_envEP8JvmtiEnvb+0xf8
V  [libjvm.dylib+0x4be2ff]  _ZN28JvmtiClassFileLoadHookPoster13post_all_envsEv+0xd3
