#
# A fatal error has been detected by the Java Runtime Environment:
#
#  SIGSEGV (0xb) at pc=0x0000000116c11c15, pid=7024, tid=25091
#
# JRE version: OpenJDK Runtime Environment (11.0.3+12) (build 11.0.3+12-b304.56)
# Java VM: OpenJDK 64-Bit Server VM (11.0.3+12-b304.56, mixed mode, tiered, compressed oops, g1 gc, bsd-amd64)
# Problematic frame:
# C  [libyjpagent.dylib+0xecc15]  _Z17wrapNativeMethodsP9ClassFile+0x125
#
# No core dump will be written. Core dumps have been disabled. To enable core dumping, try "ulimit -c unlimited" before starting Java again
#
# If you would like to submit a bug report, please visit:
#   http://bugreport.java.com/bugreport/crash.jsp
# The crash happened outside the Java Virtual Machine in native code.
# See problematic frame for where to report the bug.
#

---------------  S U M M A R Y ------------

Command Line: -agentlib:jdwp=transport=dt_socket,server=n,suspend=y,address=63204 -Dfile.encoding=UTF-8 -Duser.country=US -Duser.language=en -Duser.variant webEngineering.application.WebEngineeringApplication

Host: iMac13,2 x86_64 2900 MHz, 4 cores, 8G, Darwin 18.6.0
Time: Thu Oct 24 18:25:16 2019 CEST elapsed time: 213 seconds (0d 0h 3m 33s)

---------------  T H R E A D  ---------------

Current thread (0x00007fd5f33c8000):  JavaThread "Attach Listener" daemon [_thread_in_native, id=25091, stack(0x0000700004c5e000,0x0000700004d5e000)]

Stack: [0x0000700004c5e000,0x0000700004d5e000],  sp=0x0000700004d5bce0,  free space=1015k
Native frames: (J=compiled Java code, A=aot compiled Java code, j=interpreted, Vv=VM code, C=native code)
C  [libyjpagent.dylib+0xecc15]  _Z17wrapNativeMethodsP9ClassFile+0x125
C  [libyjpagent.dylib+0x6ae11]  _Z28classFileLoadHookHandlerImplRK11YStringImplIcEiPKhPiPPhbb+0xf01
C  [libyjpagent.dylib+0x6e1c0]  _Z28class_file_load_hook_handlerP9_jvmtiEnvP7JNIEnv_P7_jclassP8_jobjectPKcS6_iPKhPiPPh+0x530
V  [libjvm.dylib+0x4be48a]  _ZN28JvmtiClassFileLoadHookPoster11post_to_envEP8JvmtiEnvb+0xf8
V  [libjvm.dylib+0x4be2ff]  _ZN28JvmtiClassFileLoadHookPoster13post_all_envsEv+0xd3
V  [libjvm.dylib+0x4b6552]  _ZN11JvmtiExport25post_class_file_load_hookEP6Symbol6HandleS2_PPhS4_PP24JvmtiCachedClassFileData+0x46
V  [libjvm.dylib+0x4d4457]  _ZN12KlassFactory18create_from_streamEP15ClassFileStreamP6SymbolP15ClassLoaderData6HandlePK13InstanceKlassP13GrowableArrayIS6_EP6Thread+0x2b5
V  [libjvm.dylib+0x1ed864]  _ZN11ClassLoader10load_classEP6SymbolbP6Thread+0x1f4
V  [libjvm.dylib+0x6c3a29]  _ZN16SystemDictionary19load_instance_classEP6Symbol6HandleP6Thread+0x2f7
V  [libjvm.dylib+0x6c2ae9]  _ZN16SystemDictionary30resolve_instance_class_or_nullEP6Symbol6HandleS2_P6Thread+0x451
V  [libjvm.dylib+0x6c22fd]  _ZN16SystemDictionary15resolve_or_failEP6Symbol6HandleS2_bP6Thread+0x1b
V  [libjvm.dylib+0x25a230]  _ZN12ConstantPool13klass_at_implERK18constantPoolHandleibP6Thread+0x10a
V  [libjvm.dylib+0x25a985]  _ZN12ConstantPool8klass_atEiP6Thread+0x4d
V  [libjvm.dylib+0x3913b9]  _ZN18InterpreterRuntime4_newEP10JavaThreadP12ConstantPooli+0x29
j  java.util.IdentityHashMap$KeySet.iterator()Ljava/util/Iterator;+0 java.base@11.0.3
j  java.util.Collections$SetFromMap.iterator()Ljava/util/Iterator;+4 java.base@11.0.3
j  jdk.internal.misc.TerminatingThreadLocal.threadTerminated()V+9 java.base@11.0.3
j  java.lang.Thread.exit()V+49 java.base@11.0.3
v  ~StubRoutines::call_stub
V