#
# A fatal error has been detected by the Java Runtime Environment:
#
#  SIGSEGV (0xb) at pc=0x00000001242ff8d3, pid=42002, tid=38411
#
# JRE version: OpenJDK Runtime Environment (11.0.3+12) (build 11.0.3+12-b304.56)
# Java VM: OpenJDK 64-Bit Server VM (11.0.3+12-b304.56, mixed mode, tiered, compressed oops, g1 gc, bsd-amd64)
# Problematic frame:
# C  [libyjpagent.dylib+0x1268d3]  YFrameStorage::getMethodById(JNIEnv_*, _jmethodID*)+0x83
#
# No core dump will be written. Core dumps have been disabled. To enable core dumping, try "ulimit -c unlimited" before starting Java again
#
# If you would like to submit a bug report, please visit:
#   http://bugreport.java.com/bugreport/crash.jsp
# The crash happened outside the Java Virtual Machine in native code.
# See problematic frame for where to report the bug.
#

---------------  S U M M A R Y ------------

Command Line: -agentlib:jdwp=transport=dt_socket,server=n,suspend=y,address=54485 -Dfile.encoding=UTF-8 -Duser.country=US -Duser.language=en -Duser.variant webEngineering.application.WebEngineeringApplication

Host: iMac13,2 x86_64 2900 MHz, 4 cores, 8G, Darwin 18.6.0
Time: Fri Oct 25 16:06:35 2019 CEST elapsed time: 707 seconds (0d 0h 11m 47s)

---------------  T H R E A D  ---------------

Current thread (0x00007f9d00c8f800):  JavaThread "YJPAgent-CpuSampler" daemon [_thread_in_native, id=38411, stack(0x000070000ae7b000,0x000070000af7b000)]

Stack: [0x000070000ae7b000,0x000070000af7b000],  sp=0x000070000af7ab80,  free space=1022k
Native frames: (J=compiled Java code, A=aot compiled Java code, j=interpreted, Vv=VM code, C=native code)
C  [libyjpagent.dylib+0x1268d3]  YFrameStorage::getMethodById(JNIEnv_*, _jmethodID*)+0x83
C  [libyjpagent.dylib+0x127529]  YFrameStorage::fillCurrentFrameJVMTIForSampling(JNIEnv_*, _jvmtiStackInfo const&)+0x59
C  [libyjpagent.dylib+0x75dea]  SyncSampler::doSample(LockHolder const&, JNIEnv_*)+0x11a
C  [libyjpagent.dylib+0x75c8d]  sampler_thread_entry(_jvmtiEnv*, JNIEnv_*, void*)+0x11d
V  [libjvm.dylib+0x4c0316]  JvmtiAgentThread::call_start_function()+0x38
V  [libjvm.dylib+0x6eadc4]  JavaThread::thread_main_inner()+0x82
V  [libjvm.dylib+0x6eac0f]  JavaThread::run()+0x1a3
V  [libjvm.dylib+0x6e8c88]  Thread::call_run()+0x60
V  [libjvm.dylib+0x5eddd7]  thread_native_entry(Thread*)+0x139
C  [libsystem_pthread.dylib+0x32eb]  _pthread_body+0x7e
C  [libsystem_pthread.dylib+0x6249]  _pthread_start+0x42
C  [libsystem_pthread.dylib+0x240d]  thread_start+0xd


siginfo: si_signo: 11 (SIGSEGV), si_code: 1 (SEGV_MAPERR), si_addr: 0x0000000126db24a8

Register to memory mapping:

RAX=0x0000000000001c01 is an unknown value
RBX=0x0000000000000004 is an unknown value
RCX=0x0000000000001a95 is an unknown value
RDX=0x0000000000001a95 is an unknown value
RSP=0x000070000af7ab80 is pointing into the stack for thread: 0x00007f9d00c8f800
RBP=0x000070000af7acc0 is pointing into the stack for thread: 0x00007f9d00c8f800
RSI=0x00007f9ce7194400 points into unknown readable memory: 70 8f c4 03 9d 7f 00 00
RDI=0x00000000000020ab is an unknown value
R8 =0x00000001244b5978: ourMethodID2MethodIndex+0 in /private/var/folders/zz/zyxvpxvq6csfxvn_n0003jsm000wfd/T/AppTranslocation/A11362B8-4587-46C6-9001-D6DDACDA8F09/d/YourKit-Java-Profiler-2019.8.app/Contents/Resources/bin/mac/libyjpagent.dylib at 0x00000001241d9000
R9 =0x0000000003ae5edd is an unknown value
R10=0x0000000126da5000 is an unknown value
R11=0x0000000000000202 is an unknown value
R12=0x00007f9d03ae2140 points into unknown readable memory: d0 d0 18 12 01 00 00 00
R13=0x00007f9d03ae2140 points into unknown readable memory: d0 d0 18 12 01 00 00 00
R14=0x00007f9d00c8fb40 points into unknown readable memory: 40 d2 df 07 01 00 00 00
R15=0x00007f9d00c8fb40 points into unknown readable memory: 40 d2 df 07 01 00 00 00


Registers:
RAX=0x0000000000001c01, RBX=0x0000000000000004, RCX=0x0000000000001a95, RDX=0x0000000000001a95
RSP=0x000070000af7ab80, RBP=0x000070000af7acc0, RSI=0x00007f9ce7194400, RDI=0x00000000000020ab
R8 =0x00000001244b5978, R9 =0x0000000003ae5edd, R10=0x0000000126da5000, R11=0x0000000000000202
R12=0x00007f9d03ae2140, R13=0x00007f9d03ae2140, R14=0x00007f9d00c8fb40, R15=0x00007f9d00c8fb40
RIP=0x00000001242ff8d3, EFLAGS=0x0000000000010297, ERR=0x0000000000000004
  TRAPNO=0x000000000000000e

Top of Stack: (sp=0x000070000af7ab80)
0x000070000af7ab80:   00007f9d00c8f800 00007fff7e92b76c
0x000070000af7ab90:   000070000af7abb0 0000000107c16d07
0x000070000af7aba0:   00007f9d050fc09c 00000001074fc400
0x000070000af7abb0:   000070000af7abe0 0000000107c16ce0
0x000070000af7abc0:   00007f9ce7a28ca0 00007f9d00c8f908
0x000070000af7abd0:   00007f9d00c8f800 0000000000000004
0x000070000af7abe0:   000070000af7ac00 0000000107c16c91
0x000070000af7abf0:   000070000af7ac00 0000000107c19b19
0x000070000af7ac00:   000070000af7ac20 0000000107c19b9b
0x000070000af7ac10:   0000000107e402ba 00007f9cf66521c0
0x000070000af7ac20:   000070000af7ac60 00000001079c7455
0x000070000af7ac30:   0000000107e402ba 00007f9cf66521c0
0x000070000af7ac40:   000070000af7ac60 0000000107c16a91
0x000070000af7ac50:   000070000af7ade0 00007f9d03e09340
0x000070000af7ac60:   000070000af7ace0 00000001079ba56a
0x000070000af7ac70:   0000000000000000 00007f9d00c8f800
0x000070000af7ac80:   00007f9cf64469e0 0000000107980100
0x000070000af7ac90:   2a3be3dbcd04003a 0000000000000004
0x000070000af7aca0:   00007f9d03ae2140 0000000000000030
0x000070000af7acb0:   0000000000000000 00007f9d00c8fb40
0x000070000af7acc0:   000070000af7ad10 0000000124300529
0x000070000af7acd0:   00007f9d00c8fb40 00007f9ce7194400
0x000070000af7ace0:   0000000000000000 0000000000000000
0x000070000af7acf0:   00007f9d032bb670 00007f9ce7194400
0x000070000af7ad00:   0000000000000000 00007f9d00c8fb40
0x000070000af7ad10:   000070000af7ad60 000000012424edea
0x000070000af7ad20:   000042ae78b97ab1 00007f9ce7194400
0x000070000af7ad30:   0000001d00c8fb40 000070000af7ad70
0x000070000af7ad40:   000000012432c7c0 00000001244adf10
0x000070000af7ad50:   00007f9d00c8fb40 00000001244b9d88
0x000070000af7ad60:   000070000af7ada0 000000012424ec8d
0x000070000af7ad70:   00000001244b9d88 00007f9d00c8f800 

Instructions: (pc=0x00000001242ff8d3)
0x00000001242ff8b3:   44 89 c8 f7 ff 89 d1 49 8b 70 18 8a 04 0e 84 c0
0x00000001242ff8c3:   74 4e 3c 02 75 06 4d 8b 50 08 eb 0a 4d 8b 50 08
0x00000001242ff8d3:   4d 39 2c ca 74 3a 8d 5f fe 44 89 c8 99 f7 fb f7
0x00000001242ff8e3:   d2 66 66 66 2e 0f 1f 84 00 00 00 00 00 89 c8 01 

Stack slot to memory mapping:
stack at sp + 0 slots: 0x00007f9d00c8f800 is a thread
stack at sp + 1 slots: 