#
# A fatal error has been detected by the Java Runtime Environment:
#
#  SIGSEGV (0xb) at pc=0x000000012a6ae019, pid=86259, tid=86023
#
# JRE version: OpenJDK Runtime Environment (11.0.3+12) (build 11.0.3+12-b304.56)
# Java VM: OpenJDK 64-Bit Server VM (11.0.3+12-b304.56, mixed mode, tiered, compressed oops, g1 gc, bsd-amd64)
# Problematic frame:
# C  [libyjpagent.dylib+0x128019]  YFrameStorage::fillCurrentFrameJvmtiForRoots(JNIEnv_*, _jvmtiStackInfo const&, YMap<_jmethodID*, YVector<StackLocal*, 10>*>*)+0x8a9
#
# No core dump will be written. Core dumps have been disabled. To enable core dumping, try "ulimit -c unlimited" before starting Java again
#
# If you would like to submit a bug report, please visit:
#   http://bugreport.java.com/bugreport/crash.jsp
# The crash happened outside the Java Virtual Machine in native code.
# See problematic frame for where to report the bug.
#

---------------  S U M M A R Y ------------

Command Line: -agentlib:jdwp=transport=dt_socket,server=n,suspend=y,address=57998 -Dfile.encoding=UTF-8 -Duser.country=US -Duser.language=en -Duser.variant webEngineering.application.WebEngineeringApplication

Host: iMac13,2 x86_64 2900 MHz, 4 cores, 8G, Darwin 18.6.0
Time: Tue Oct 22 15:35:59 2019 CEST elapsed time: 7161 seconds (0d 1h 59m 21s)

---------------  T H R E A D  ---------------

Current thread (0x00007f9ec789c800):  JavaThread "YJPAgent-CpuSampler" daemon [_thread_in_native, id=86023, stack(0x0000700006d9b000,0x0000700006e9b000)]

Stack: [0x0000700006d9b000,0x0000700006e9b000],  sp=0x0000700006e9ac50,  free space=1023k
Native frames: (J=compiled Java code, A=aot compiled Java code, j=interpreted, Vv=VM code, C=native code)
C  [libyjpagent.dylib+0x128019]  YFrameStorage::fillCurrentFrameJvmtiForRoots(JNIEnv_*, _jvmtiStackInfo const&, YMap<_jmethodID*, YVector<StackLocal*, 10>*>*)+0x8a9
C  [libyjpagent.dylib+0x1265ed]  YFrameStorage::getLineNumber(_jmethodID*, int, long long)+0x2d
C  [libyjpagent.dylib+0x1275c8]  YFrameStorage::fillCurrentFrameJVMTIForSampling(JNIEnv_*, _jvmtiStackInfo const&)+0xf8
C  [libyjpagent.dylib+0x75dea]  SyncSampler::doSample(LockHolder const&, JNIEnv_*)+0x11a
C  [libyjpagent.dylib+0x75c8d]  sampler_thread_entry(_jvmtiEnv*, JNIEnv_*, void*)+0x11d
V  [libjvm.dylib+0x4c0316]  JvmtiAgentThread::call_start_function()+0x38
V  [libjvm.dylib+0x6eadc4]  JavaThread::thread_main_inner()+0x82
V  [libjvm.dylib+0x6eac0f]  JavaThread::run()+0x1a3
V  [libjvm.dylib+0x6e8c88]  Thread::call_run()+0x60
V  [libjvm.dylib+0x5eddd7]  thread_native_entry(Thread*)+0x139
C  [libsystem_pthread.dylib+0x32eb]  _pthread_body+0x7e
C  [libsystem_pthread.dylib+0x6249]  _pthread_start+0x42
C  [libsystem_pthread.dylib+0x240d]  thread_start+0xd


siginfo: si_signo: 11 (SIGSEGV), si_code: 1 (SEGV_MAPERR), si_addr: 0x00000001101090c0

Register to memory mapping:

RAX=0x0000000110107000 is an unknown value
RBX=0x000000000000020c is an unknown value
RCX=0x0000000000000821 is an unknown value
RDX=0x00000000000020c0 is an unknown value
RSP=0x0000700006e9ac50 is pointing into the stack for thread: 0x00007f9ec789c800
RBP=0x0000700006e9ac80 is pointing into the stack for thread: 0x00007f9ec789c800
RSI=0x0 is NULL
RDI=0x000000000000020c is an unknown value
R8 =0x000000012a862978: ourMethodID2MethodIndex+0 in /private/var/folders/zz/zyxvpxvq6csfxvn_n0003jsm000wfd/T/AppTranslocation/6D0B0E43-DBE8-4762-BE5E-CDD552591BDE/d/YourKit-Java-Profiler-2019.8.app/Contents/Resources/bin/mac/libyjpagent.dylib at 0x000000012a586000
R9 =0x0000000059baff86 is an unknown value
R10=0x00007f9edbe6ca00 points into unknown readable memory: 00 00 00 00 00 00 00 00
R11=0x0000000000000202 is an unknown value
R12=0x000000000000020c is an unknown value
R13=0x000000012a868450: _ZN9VMStructs6_eetopE+0xb10 in /private/var/folders/zz/zyxvpxvq6csfxvn_n0003jsm000wfd/T/AppTranslocation/6D0B0E43-DBE8-4762-BE5E-CDD552591BDE/d/YourKit-Java-Profiler-2019.8.app/Contents/Resources/bin/mac/libyjpagent.dylib at 0x000000012a586000
R14=0x000000000000020c is an unknown value
